<?xml version="1.0" encoding="UTF-8"?>
<!-- Generated by org.testng.reporters.JUnitReportReporter -->
<testsuite hostname="ASI-5CD2043Y9B" failures="0" tests="1" name="Appium.SampleMavenProjectAppium.MyEndToEnd" time="10.914" errors="0" timestamp="2023-03-01T17:26:38 IST" skipped="0">
  <testcase classname="Appium.SampleMavenProjectAppium.MyEndToEnd" name="SwipingGesture" time="10.914"/>
  <system-out/>
</testsuite> <!-- Appium.SampleMavenProjectAppium.MyEndToEnd -->
