<?xml version="1.0" encoding="UTF-8"?>
<!-- Generated by org.testng.reporters.JUnitReportReporter -->
<testsuite hostname="ASI-5CD2043Y9B" failures="0" tests="1" name="Appium.SampleMavenProjectAppium.Ecommerce_EndToEnd3" time="25.912" errors="0" timestamp="2023-04-13T12:48:28 IST" skipped="0">
  <testcase classname="Appium.SampleMavenProjectAppium.Ecommerce_EndToEnd3" name="FillingForms" time="25.912"/>
  <system-out/>
</testsuite> <!-- Appium.SampleMavenProjectAppium.Ecommerce_EndToEnd3 -->
