<?xml version="1.0" encoding="UTF-8"?>
<!-- Generated by org.testng.reporters.JUnitReportReporter -->
<testsuite hostname="ASI-5CD2043Y9B" failures="0" tests="1" name="Appium.SampleMavenProjectAppium.LongPress" time="11.688" errors="0" timestamp="2023-03-01T11:29:57 IST" skipped="0">
  <testcase classname="Appium.SampleMavenProjectAppium.LongPress" name="LongPressGesture" time="11.688"/>
  <system-out/>
</testsuite> <!-- Appium.SampleMavenProjectAppium.LongPress -->
