<?xml version="1.0" encoding="UTF-8"?>
<!-- Generated by org.testng.reporters.JUnitReportReporter -->
<testsuite hostname="ASI-5CD2043Y9B" failures="0" tests="1" name="Appium.SampleMavenProjectAppium.AppiumBasics" time="6.334" errors="0" timestamp="2023-02-28T16:26:11 IST" skipped="0">
  <testcase classname="Appium.SampleMavenProjectAppium.AppiumBasics" name="WifiSettingName" time="6.334"/>
  <system-out/>
</testsuite> <!-- Appium.SampleMavenProjectAppium.AppiumBasics -->
