<?xml version="1.0" encoding="UTF-8"?>
<!-- Generated by org.testng.reporters.JUnitReportReporter -->
<testsuite hostname="ASI-5CD2043Y9B" failures="0" tests="1" name="Appium.SampleMavenProjectAppium.Ecommerce_EndToEnd2" time="23.811" errors="0" timestamp="2023-04-12T14:03:12 IST" skipped="0">
  <testcase classname="Appium.SampleMavenProjectAppium.Ecommerce_EndToEnd2" name="FillingForms" time="23.811"/>
  <system-out/>
</testsuite> <!-- Appium.SampleMavenProjectAppium.Ecommerce_EndToEnd2 -->
