<?xml version="1.0" encoding="UTF-8"?>
<!-- Generated by org.testng.reporters.JUnitReportReporter -->
<testsuite hostname="ASI-5CD2043Y9B" failures="0" tests="1" name="Appium.SampleMavenProjectAppium.MiscellanousAppiumTopics" time="17.629" errors="0" timestamp="2023-03-02T13:52:50 IST" skipped="0">
  <testcase classname="Appium.SampleMavenProjectAppium.MiscellanousAppiumTopics" name="Miscellanous" time="17.629"/>
  <system-out/>
</testsuite> <!-- Appium.SampleMavenProjectAppium.MiscellanousAppiumTopics -->
