<?xml version="1.0" encoding="UTF-8"?>
<!-- Generated by org.testng.reporters.JUnitReportReporter -->
<testsuite hostname="ASI-5CD2043Y9B" failures="0" tests="1" name="Appium.SampleMavenProjectAppium.scrollingDemo" time="29.007" errors="0" timestamp="2023-03-01T12:03:04 IST" skipped="0">
  <testcase classname="Appium.SampleMavenProjectAppium.scrollingDemo" name="ScrollingDemoTest" time="29.007"/>
  <system-out/>
</testsuite> <!-- Appium.SampleMavenProjectAppium.scrollingDemo -->
