<?xml version="1.0" encoding="UTF-8"?>
<!-- Generated by org.testng.reporters.JUnitReportReporter -->
<testsuite hostname="ASI-5CD2043Y9B" failures="0" tests="1" name="Appium.SampleMavenProjectAppium.Ecommerce_EndToEnd" time="13.987" errors="0" timestamp="2023-03-23T14:30:39 IST" skipped="0">
  <testcase classname="Appium.SampleMavenProjectAppium.Ecommerce_EndToEnd" name="FillingForms" time="13.987"/>
  <system-out/>
</testsuite> <!-- Appium.SampleMavenProjectAppium.Ecommerce_EndToEnd -->
