<?xml version="1.0" encoding="UTF-8"?>
<!-- Generated by org.testng.reporters.JUnitReportReporter -->
<testsuite hostname="ASI-5CD2043Y9B" failures="0" tests="1" name="Appium.SampleMavenProjectAppium.SwipingDemo" time="7.904" errors="0" timestamp="2023-03-01T14:21:34 IST" skipped="0">
  <testcase classname="Appium.SampleMavenProjectAppium.SwipingDemo" name="SwipingGesture" time="7.904"/>
  <system-out/>
</testsuite> <!-- Appium.SampleMavenProjectAppium.SwipingDemo -->
